<?xml version="1.0" encoding="UTF-8"?>
<testsuite name="io.github.hidroh.materialistic.AppUtilsTest" tests="1" skipped="0" failures="0" errors="0" timestamp="2026-01-04T02:13:04" hostname="x570.vendeuvre.lan" time="0.711">
  <properties/>
  <testcase name="testHasConnection" classname="io.github.hidroh.materialistic.AppUtilsTest" time="0.711"/>
  <system-out><![CDATA[WARNING: No manifest file found at ./AndroidManifest.xml.
Falling back to the Android OS resources only.
To remove this warning, annotate your test class with @Config(manifest=Config.NONE).
If you're using Android Gradle Plugin, add testOptions.unitTests.includeAndroidResources = true to your build.gradle
]]></system-out>
  <system-err><![CDATA[]]></system-err>
</testsuite>
